[01:24:43] generate: END: activeDoc="7_.ai" documents.length=1 selection.length=0 userInteractionLevel=UserInteractionLevel.DISPLAYALERTS
[01:26:52] generate: END: activeDoc="8_.ai" documents.length=1 selection.length=0 userInteractionLevel=UserInteractionLevel.DISPLAYALERTS
[01:30:33] generate: START mode=all : activeDoc="9_.ai" documents.length=1 selection.length=0
[01:30:38] generate: START mode=all : activeDoc="9_.ai" documents.length=1 selection.length=0
[01:30:38] generate: GRAPHIC MASTER branch (fillPlaceholderGroup path)
[01:30:38] generate: END: activeDoc="9_.ai" documents.length=1 selection.length=0 userInteractionLevel=UserInteractionLevel.DISPLAYALERTS
[02:00:29] generate: START mode=all $.fileName=/c/Program%20Files/Common%20Files/Adobe/CEP/extensions/VectorFactory/jsx/VF_Common.jsx : activeDoc="10_.ai" documents.length=1 selection.length=0
[02:00:39] generate: START mode=all $.fileName=/c/Program%20Files/Common%20Files/Adobe/CEP/extensions/VectorFactory/jsx/VF_Common.jsx : activeDoc="10_.ai" documents.length=1 selection.length=0
[02:00:39] generate: GRAPHIC MASTER branch (fillPlaceholderGroup path)
[02:00:39] ENTER fillPlaceholderGroup $.fileName=/c/Program%20Files/Common%20Files/Adobe/CEP/extensions/VectorFactory/jsx/VF_Common.jsx group.name=
[02:00:39] ENTER fillPlaceholderGroup $.fileName=/c/Program%20Files/Common%20Files/Adobe/CEP/extensions/VectorFactory/jsx/VF_Common.jsx group.name=
[02:00:39] ENTER fillPlaceholderGroup $.fileName=/c/Program%20Files/Common%20Files/Adobe/CEP/extensions/VectorFactory/jsx/VF_Common.jsx group.name=
[02:00:39] ENTER fillPlaceholderGroup $.fileName=/c/Program%20Files/Common%20Files/Adobe/CEP/extensions/VectorFactory/jsx/VF_Common.jsx group.name=
[02:00:39] ENTER fillPlaceholderGroup $.fileName=/c/Program%20Files/Common%20Files/Adobe/CEP/extensions/VectorFactory/jsx/VF_Common.jsx group.name=
[02:00:39] ENTER fillPlaceholderGroup $.fileName=/c/Program%20Files/Common%20Files/Adobe/CEP/extensions/VectorFactory/jsx/VF_Common.jsx group.name=
[02:00:39] ENTER fillPlaceholderGroup $.fileName=/c/Program%20Files/Common%20Files/Adobe/CEP/extensions/VectorFactory/jsx/VF_Common.jsx group.name=
[02:00:39] ENTER fillPlaceholderGroup $.fileName=/c/Program%20Files/Common%20Files/Adobe/CEP/extensions/VectorFactory/jsx/VF_Common.jsx group.name=
[02:00:39] ENTER fillPlaceholderGroup $.fileName=/c/Program%20Files/Common%20Files/Adobe/CEP/extensions/VectorFactory/jsx/VF_Common.jsx group.name=
[02:00:39] ENTER fillPlaceholderGroup $.fileName=/c/Program%20Files/Common%20Files/Adobe/CEP/extensions/VectorFactory/jsx/VF_Common.jsx group.name=
[02:00:39] ENTER fillPlaceholderGroup $.fileName=/c/Program%20Files/Common%20Files/Adobe/CEP/extensions/VectorFactory/jsx/VF_Common.jsx group.name=
[02:00:39] ENTER fillPlaceholderGroup $.fileName=/c/Program%20Files/Common%20Files/Adobe/CEP/extensions/VectorFactory/jsx/VF_Common.jsx group.name=
[02:00:39] ENTER fillPlaceholderGroup $.fileName=/c/Program%20Files/Common%20Files/Adobe/CEP/extensions/VectorFactory/jsx/VF_Common.jsx group.name=
[02:00:39] ENTER fillPlaceholderGroup $.fileName=/c/Program%20Files/Common%20Files/Adobe/CEP/extensions/VectorFactory/jsx/VF_Common.jsx group.name=
[02:00:39] ENTER fillPlaceholderGroup $.fileName=/c/Program%20Files/Common%20Files/Adobe/CEP/extensions/VectorFactory/jsx/VF_Common.jsx group.name=
[02:00:39] ENTER fillPlaceholderGroup $.fileName=/c/Program%20Files/Common%20Files/Adobe/CEP/extensions/VectorFactory/jsx/VF_Common.jsx group.name=
[02:00:39] ENTER fillPlaceholderGroup $.fileName=/c/Program%20Files/Common%20Files/Adobe/CEP/extensions/VectorFactory/jsx/VF_Common.jsx group.name=
[02:00:39] ENTER fillPlaceholderGroup $.fileName=/c/Program%20Files/Common%20Files/Adobe/CEP/extensions/VectorFactory/jsx/VF_Common.jsx group.name=
[02:00:39] ENTER fillPlaceholderGroup $.fileName=/c/Program%20Files/Common%20Files/Adobe/CEP/extensions/VectorFactory/jsx/VF_Common.jsx group.name=
[02:00:39] ENTER fillPlaceholderGroup $.fileName=/c/Program%20Files/Common%20Files/Adobe/CEP/extensions/VectorFactory/jsx/VF_Common.jsx group.name=
[02:00:40] ENTER fillPlaceholderGroup $.fileName=/c/Program%20Files/Common%20Files/Adobe/CEP/extensions/VectorFactory/jsx/VF_Common.jsx group.name=
[02:00:40] ENTER fillPlaceholderGroup $.fileName=/c/Program%20Files/Common%20Files/Adobe/CEP/extensions/VectorFactory/jsx/VF_Common.jsx group.name=
[02:00:40] ENTER fillPlaceholderGroup $.fileName=/c/Program%20Files/Common%20Files/Adobe/CEP/extensions/VectorFactory/jsx/VF_Common.jsx group.name=
[02:00:40] ENTER fillPlaceholderGroup $.fileName=/c/Program%20Files/Common%20Files/Adobe/CEP/extensions/VectorFactory/jsx/VF_Common.jsx group.name=
[02:00:40] ENTER fillPlaceholderGroup $.fileName=/c/Program%20Files/Common%20Files/Adobe/CEP/extensions/VectorFactory/jsx/VF_Common.jsx group.name=
[02:00:40] ENTER fillPlaceholderGroup $.fileName=/c/Program%20Files/Common%20Files/Adobe/CEP/extensions/VectorFactory/jsx/VF_Common.jsx group.name=
[02:00:40] ENTER fillPlaceholderGroup $.fileName=/c/Program%20Files/Common%20Files/Adobe/CEP/extensions/VectorFactory/jsx/VF_Common.jsx group.name=
[02:00:40] ENTER fillPlaceholderGroup $.fileName=/c/Program%20Files/Common%20Files/Adobe/CEP/extensions/VectorFactory/jsx/VF_Common.jsx group.name=
[02:00:40] generate: END: activeDoc="10_.ai" documents.length=1 selection.length=0 userInteractionLevel=UserInteractionLevel.DISPLAYALERTS
[02:01:48] generate: START mode=all $.fileName=/c/Program%20Files/Common%20Files/Adobe/CEP/extensions/VectorFactory/jsx/VF_Common.jsx : activeDoc="4_.ai" documents.length=1 selection.length=0
[02:01:48] generate: GRAPHIC MASTER branch (fillPlaceholderGroup path)
[02:01:48] ENTER fillPlaceholderGroup $.fileName=/c/Program%20Files/Common%20Files/Adobe/CEP/extensions/VectorFactory/jsx/VF_Common.jsx group.name=
[02:01:48] ENTER fillPlaceholderGroup $.fileName=/c/Program%20Files/Common%20Files/Adobe/CEP/extensions/VectorFactory/jsx/VF_Common.jsx group.name=
[02:01:48] ENTER fillPlaceholderGroup $.fileName=/c/Program%20Files/Common%20Files/Adobe/CEP/extensions/VectorFactory/jsx/VF_Common.jsx group.name=
[02:01:48] ENTER fillPlaceholderGroup $.fileName=/c/Program%20Files/Common%20Files/Adobe/CEP/extensions/VectorFactory/jsx/VF_Common.jsx group.name=
[02:01:48] ENTER fillPlaceholderGroup $.fileName=/c/Program%20Files/Common%20Files/Adobe/CEP/extensions/VectorFactory/jsx/VF_Common.jsx group.name=
[02:01:49] ENTER fillPlaceholderGroup $.fileName=/c/Program%20Files/Common%20Files/Adobe/CEP/extensions/VectorFactory/jsx/VF_Common.jsx group.name=
[02:01:49] ENTER fillPlaceholderGroup $.fileName=/c/Program%20Files/Common%20Files/Adobe/CEP/extensions/VectorFactory/jsx/VF_Common.jsx group.name=
[02:01:49] ENTER fillPlaceholderGroup $.fileName=/c/Program%20Files/Common%20Files/Adobe/CEP/extensions/VectorFactory/jsx/VF_Common.jsx group.name=
[02:01:49] ENTER fillPlaceholderGroup $.fileName=/c/Program%20Files/Common%20Files/Adobe/CEP/extensions/VectorFactory/jsx/VF_Common.jsx group.name=
[02:01:49] ENTER fillPlaceholderGroup $.fileName=/c/Program%20Files/Common%20Files/Adobe/CEP/extensions/VectorFactory/jsx/VF_Common.jsx group.name=
[02:01:49] ENTER fillPlaceholderGroup $.fileName=/c/Program%20Files/Common%20Files/Adobe/CEP/extensions/VectorFactory/jsx/VF_Common.jsx group.name=
[02:01:49] ENTER fillPlaceholderGroup $.fileName=/c/Program%20Files/Common%20Files/Adobe/CEP/extensions/VectorFactory/jsx/VF_Common.jsx group.name=
[02:01:49] ENTER fillPlaceholderGroup $.fileName=/c/Program%20Files/Common%20Files/Adobe/CEP/extensions/VectorFactory/jsx/VF_Common.jsx group.name=
[02:01:49] ENTER fillPlaceholderGroup $.fileName=/c/Program%20Files/Common%20Files/Adobe/CEP/extensions/VectorFactory/jsx/VF_Common.jsx group.name=
[02:01:49] ENTER fillPlaceholderGroup $.fileName=/c/Program%20Files/Common%20Files/Adobe/CEP/extensions/VectorFactory/jsx/VF_Common.jsx group.name=
[02:01:49] ENTER fillPlaceholderGroup $.fileName=/c/Program%20Files/Common%20Files/Adobe/CEP/extensions/VectorFactory/jsx/VF_Common.jsx group.name=
[02:01:49] ENTER fillPlaceholderGroup $.fileName=/c/Program%20Files/Common%20Files/Adobe/CEP/extensions/VectorFactory/jsx/VF_Common.jsx group.name=
[02:01:49] ENTER fillPlaceholderGroup $.fileName=/c/Program%20Files/Common%20Files/Adobe/CEP/extensions/VectorFactory/jsx/VF_Common.jsx group.name=
[02:01:49] ENTER fillPlaceholderGroup $.fileName=/c/Program%20Files/Common%20Files/Adobe/CEP/extensions/VectorFactory/jsx/VF_Common.jsx group.name=
[02:01:49] ENTER fillPlaceholderGroup $.fileName=/c/Program%20Files/Common%20Files/Adobe/CEP/extensions/VectorFactory/jsx/VF_Common.jsx group.name=
[02:01:49] ENTER fillPlaceholderGroup $.fileName=/c/Program%20Files/Common%20Files/Adobe/CEP/extensions/VectorFactory/jsx/VF_Common.jsx group.name=
[02:01:49] ENTER fillPlaceholderGroup $.fileName=/c/Program%20Files/Common%20Files/Adobe/CEP/extensions/VectorFactory/jsx/VF_Common.jsx group.name=
[02:01:49] ENTER fillPlaceholderGroup $.fileName=/c/Program%20Files/Common%20Files/Adobe/CEP/extensions/VectorFactory/jsx/VF_Common.jsx group.name=
[02:01:49] ENTER fillPlaceholderGroup $.fileName=/c/Program%20Files/Common%20Files/Adobe/CEP/extensions/VectorFactory/jsx/VF_Common.jsx group.name=
[02:01:49] ENTER fillPlaceholderGroup $.fileName=/c/Program%20Files/Common%20Files/Adobe/CEP/extensions/VectorFactory/jsx/VF_Common.jsx group.name=
[02:01:49] ENTER fillPlaceholderGroup $.fileName=/c/Program%20Files/Common%20Files/Adobe/CEP/extensions/VectorFactory/jsx/VF_Common.jsx group.name=
[02:01:49] ENTER fillPlaceholderGroup $.fileName=/c/Program%20Files/Common%20Files/Adobe/CEP/extensions/VectorFactory/jsx/VF_Common.jsx group.name=
[02:01:49] ENTER fillPlaceholderGroup $.fileName=/c/Program%20Files/Common%20Files/Adobe/CEP/extensions/VectorFactory/jsx/VF_Common.jsx group.name=
[02:01:49] generate: END: activeDoc="4_.ai" documents.length=1 selection.length=0 userInteractionLevel=UserInteractionLevel.DISPLAYALERTS
[14:40:02] generate: START mode=all $.fileName=/c/Program%20Files/Common%20Files/Adobe/CEP/extensions/VectorFactory/jsx/VF_Common.jsx : activeDoc="ĺóűĺôűâôűâ_.ai" documents.length=1 selection.length=0
[17:23:38] generate: START mode=all $.fileName=/c/Program%20Files/Common%20Files/Adobe/CEP/extensions/VectorFactory/jsx/VF_Common.jsx : activeDoc="ĺóűĺôűâôűâ_.ai" documents.length=1 selection.length=2
[17:23:43] generate: START mode=all $.fileName=/c/Program%20Files/Common%20Files/Adobe/CEP/extensions/VectorFactory/jsx/VF_Common.jsx : activeDoc="ĺóűĺôűâôűâ_.ai" documents.length=1 selection.length=0
[17:23:43] generate: GRAPHIC MASTER branch (fillPlaceholderGroup path)
[17:23:43] ENTER fillPlaceholderGroup $.fileName=/c/Program%20Files/Common%20Files/Adobe/CEP/extensions/VectorFactory/jsx/VF_Common.jsx group.name=
[17:23:43] ENTER fillPlaceholderGroup $.fileName=/c/Program%20Files/Common%20Files/Adobe/CEP/extensions/VectorFactory/jsx/VF_Common.jsx group.name=
[17:23:43] ENTER fillPlaceholderGroup $.fileName=/c/Program%20Files/Common%20Files/Adobe/CEP/extensions/VectorFactory/jsx/VF_Common.jsx group.name=
[17:23:43] ENTER fillPlaceholderGroup $.fileName=/c/Program%20Files/Common%20Files/Adobe/CEP/extensions/VectorFactory/jsx/VF_Common.jsx group.name=
[17:23:43] ENTER fillPlaceholderGroup $.fileName=/c/Program%20Files/Common%20Files/Adobe/CEP/extensions/VectorFactory/jsx/VF_Common.jsx group.name=
[17:23:43] ENTER fillPlaceholderGroup $.fileName=/c/Program%20Files/Common%20Files/Adobe/CEP/extensions/VectorFactory/jsx/VF_Common.jsx group.name=
[17:23:43] ENTER fillPlaceholderGroup $.fileName=/c/Program%20Files/Common%20Files/Adobe/CEP/extensions/VectorFactory/jsx/VF_Common.jsx group.name=
[17:23:43] ENTER fillPlaceholderGroup $.fileName=/c/Program%20Files/Common%20Files/Adobe/CEP/extensions/VectorFactory/jsx/VF_Common.jsx group.name=
[17:23:43] ENTER fillPlaceholderGroup $.fileName=/c/Program%20Files/Common%20Files/Adobe/CEP/extensions/VectorFactory/jsx/VF_Common.jsx group.name=
[17:23:43] ENTER fillPlaceholderGroup $.fileName=/c/Program%20Files/Common%20Files/Adobe/CEP/extensions/VectorFactory/jsx/VF_Common.jsx group.name=
[17:23:43] ENTER fillPlaceholderGroup $.fileName=/c/Program%20Files/Common%20Files/Adobe/CEP/extensions/VectorFactory/jsx/VF_Common.jsx group.name=
[17:23:43] ENTER fillPlaceholderGroup $.fileName=/c/Program%20Files/Common%20Files/Adobe/CEP/extensions/VectorFactory/jsx/VF_Common.jsx group.name=
[17:23:43] ENTER fillPlaceholderGroup $.fileName=/c/Program%20Files/Common%20Files/Adobe/CEP/extensions/VectorFactory/jsx/VF_Common.jsx group.name=
[17:23:43] ENTER fillPlaceholderGroup $.fileName=/c/Program%20Files/Common%20Files/Adobe/CEP/extensions/VectorFactory/jsx/VF_Common.jsx group.name=
[17:23:43] ENTER fillPlaceholderGroup $.fileName=/c/Program%20Files/Common%20Files/Adobe/CEP/extensions/VectorFactory/jsx/VF_Common.jsx group.name=
[17:23:43] ENTER fillPlaceholderGroup $.fileName=/c/Program%20Files/Common%20Files/Adobe/CEP/extensions/VectorFactory/jsx/VF_Common.jsx group.name=
[17:23:43] ENTER fillPlaceholderGroup $.fileName=/c/Program%20Files/Common%20Files/Adobe/CEP/extensions/VectorFactory/jsx/VF_Common.jsx group.name=
[17:23:43] ENTER fillPlaceholderGroup $.fileName=/c/Program%20Files/Common%20Files/Adobe/CEP/extensions/VectorFactory/jsx/VF_Common.jsx group.name=
[17:23:43] ENTER fillPlaceholderGroup $.fileName=/c/Program%20Files/Common%20Files/Adobe/CEP/extensions/VectorFactory/jsx/VF_Common.jsx group.name=
[17:23:43] ENTER fillPlaceholderGroup $.fileName=/c/Program%20Files/Common%20Files/Adobe/CEP/extensions/VectorFactory/jsx/VF_Common.jsx group.name=
[17:23:43] ENTER fillPlaceholderGroup $.fileName=/c/Program%20Files/Common%20Files/Adobe/CEP/extensions/VectorFactory/jsx/VF_Common.jsx group.name=
[17:23:43] ENTER fillPlaceholderGroup $.fileName=/c/Program%20Files/Common%20Files/Adobe/CEP/extensions/VectorFactory/jsx/VF_Common.jsx group.name=
[17:23:43] ENTER fillPlaceholderGroup $.fileName=/c/Program%20Files/Common%20Files/Adobe/CEP/extensions/VectorFactory/jsx/VF_Common.jsx group.name=
[17:23:43] ENTER fillPlaceholderGroup $.fileName=/c/Program%20Files/Common%20Files/Adobe/CEP/extensions/VectorFactory/jsx/VF_Common.jsx group.name=
[17:23:43] ENTER fillPlaceholderGroup $.fileName=/c/Program%20Files/Common%20Files/Adobe/CEP/extensions/VectorFactory/jsx/VF_Common.jsx group.name=
[17:23:43] ENTER fillPlaceholderGroup $.fileName=/c/Program%20Files/Common%20Files/Adobe/CEP/extensions/VectorFactory/jsx/VF_Common.jsx group.name=
[17:23:43] ENTER fillPlaceholderGroup $.fileName=/c/Program%20Files/Common%20Files/Adobe/CEP/extensions/VectorFactory/jsx/VF_Common.jsx group.name=
[17:23:43] ENTER fillPlaceholderGroup $.fileName=/c/Program%20Files/Common%20Files/Adobe/CEP/extensions/VectorFactory/jsx/VF_Common.jsx group.name=
[17:23:43] generate: END: activeDoc="ĺóűĺôűâôűâ_.ai" documents.length=1 selection.length=0 userInteractionLevel=UserInteractionLevel.DISPLAYALERTS
[18:12:14] generate: START mode=all $.fileName=/c/Program%20Files/Common%20Files/Adobe/CEP/extensions/VectorFactory/jsx/VF_Common.jsx : activeDoc="test_.ai" documents.length=1 selection.length=0
[18:12:14] generate: GRAPHIC MASTER branch (fillPlaceholderGroup path)
[18:12:14] ENTER fillPlaceholderGroup $.fileName=/c/Program%20Files/Common%20Files/Adobe/CEP/extensions/VectorFactory/jsx/VF_Common.jsx group.name=
[18:12:14] ENTER fillPlaceholderGroup $.fileName=/c/Program%20Files/Common%20Files/Adobe/CEP/extensions/VectorFactory/jsx/VF_Common.jsx group.name=
[18:12:14] ENTER fillPlaceholderGroup $.fileName=/c/Program%20Files/Common%20Files/Adobe/CEP/extensions/VectorFactory/jsx/VF_Common.jsx group.name=
[18:12:14] ENTER fillPlaceholderGroup $.fileName=/c/Program%20Files/Common%20Files/Adobe/CEP/extensions/VectorFactory/jsx/VF_Common.jsx group.name=
[18:12:14] ENTER fillPlaceholderGroup $.fileName=/c/Program%20Files/Common%20Files/Adobe/CEP/extensions/VectorFactory/jsx/VF_Common.jsx group.name=
[18:12:14] ENTER fillPlaceholderGroup $.fileName=/c/Program%20Files/Common%20Files/Adobe/CEP/extensions/VectorFactory/jsx/VF_Common.jsx group.name=
[18:12:14] ENTER fillPlaceholderGroup $.fileName=/c/Program%20Files/Common%20Files/Adobe/CEP/extensions/VectorFactory/jsx/VF_Common.jsx group.name=
[18:12:14] ENTER fillPlaceholderGroup $.fileName=/c/Program%20Files/Common%20Files/Adobe/CEP/extensions/VectorFactory/jsx/VF_Common.jsx group.name=
[18:12:14] generate: END: activeDoc="test_.ai" documents.length=1 selection.length=0 userInteractionLevel=UserInteractionLevel.DISPLAYALERTS
[18:25:08] generate: START mode=all $.fileName=/c/Program%20Files/Common%20Files/Adobe/CEP/extensions/VectorFactory/jsx/VF_Common.jsx : activeDoc="test_.ai" documents.length=1 selection.length=0
[18:25:08] generate: GRAPHIC MASTER branch (fillPlaceholderGroup path)
[18:25:08] ENTER fillPlaceholderGroup $.fileName=/c/Program%20Files/Common%20Files/Adobe/CEP/extensions/VectorFactory/jsx/VF_Common.jsx group.name=
[18:25:08] ENTER fillPlaceholderGroup $.fileName=/c/Program%20Files/Common%20Files/Adobe/CEP/extensions/VectorFactory/jsx/VF_Common.jsx group.name=
[18:25:09] ENTER fillPlaceholderGroup $.fileName=/c/Program%20Files/Common%20Files/Adobe/CEP/extensions/VectorFactory/jsx/VF_Common.jsx group.name=
[18:25:09] ENTER fillPlaceholderGroup $.fileName=/c/Program%20Files/Common%20Files/Adobe/CEP/extensions/VectorFactory/jsx/VF_Common.jsx group.name=
[18:25:09] ENTER fillPlaceholderGroup $.fileName=/c/Program%20Files/Common%20Files/Adobe/CEP/extensions/VectorFactory/jsx/VF_Common.jsx group.name=
[18:25:09] ENTER fillPlaceholderGroup $.fileName=/c/Program%20Files/Common%20Files/Adobe/CEP/extensions/VectorFactory/jsx/VF_Common.jsx group.name=
[18:25:09] ENTER fillPlaceholderGroup $.fileName=/c/Program%20Files/Common%20Files/Adobe/CEP/extensions/VectorFactory/jsx/VF_Common.jsx group.name=
[18:25:09] ENTER fillPlaceholderGroup $.fileName=/c/Program%20Files/Common%20Files/Adobe/CEP/extensions/VectorFactory/jsx/VF_Common.jsx group.name=
[18:25:09] generate: END: activeDoc="test_.ai" documents.length=1 selection.length=0 userInteractionLevel=UserInteractionLevel.DISPLAYALERTS
[18:33:54] generate: START mode=all $.fileName=/c/Program%20Files/Common%20Files/Adobe/CEP/extensions/VectorFactory/jsx/VF_Common.jsx : activeDoc="test_.ai" documents.length=1 selection.length=0
[18:33:54] generate: GRAPHIC MASTER branch (fillPlaceholderGroup path)
[18:33:54] ENTER fillPlaceholderGroup $.fileName=/c/Program%20Files/Common%20Files/Adobe/CEP/extensions/VectorFactory/jsx/VF_Common.jsx group.name=
[18:33:54] ENTER fillPlaceholderGroup $.fileName=/c/Program%20Files/Common%20Files/Adobe/CEP/extensions/VectorFactory/jsx/VF_Common.jsx group.name=
[18:33:54] ENTER fillPlaceholderGroup $.fileName=/c/Program%20Files/Common%20Files/Adobe/CEP/extensions/VectorFactory/jsx/VF_Common.jsx group.name=
[18:33:54] ENTER fillPlaceholderGroup $.fileName=/c/Program%20Files/Common%20Files/Adobe/CEP/extensions/VectorFactory/jsx/VF_Common.jsx group.name=
[18:33:54] ENTER fillPlaceholderGroup $.fileName=/c/Program%20Files/Common%20Files/Adobe/CEP/extensions/VectorFactory/jsx/VF_Common.jsx group.name=
[18:33:54] ENTER fillPlaceholderGroup $.fileName=/c/Program%20Files/Common%20Files/Adobe/CEP/extensions/VectorFactory/jsx/VF_Common.jsx group.name=
[18:33:54] ENTER fillPlaceholderGroup $.fileName=/c/Program%20Files/Common%20Files/Adobe/CEP/extensions/VectorFactory/jsx/VF_Common.jsx group.name=
[18:33:54] ENTER fillPlaceholderGroup $.fileName=/c/Program%20Files/Common%20Files/Adobe/CEP/extensions/VectorFactory/jsx/VF_Common.jsx group.name=
[18:33:54] generate: END: activeDoc="test_.ai" documents.length=1 selection.length=0 userInteractionLevel=UserInteractionLevel.DISPLAYALERTS
